<?xml version="1.0" encoding="UTF-8"?>
<!-- Generated by org.testng.reporters.JUnitReportReporter -->
<testsuite hostname="DESKTOP-U8F94J3" failures="0" tests="3" name="com.qa.crossbrowsers.CrossBrowsers" time="71.751" errors="0" timestamp="2022-11-21T19:14:32 NPT" skipped="0">
  <testcase classname="com.qa.crossbrowsers.CrossBrowsers" name="verifyTitel1" time="20.673"/>
  <system-out/>
  <testcase classname="com.qa.crossbrowsers.CrossBrowsers" name="verifyTitel1" time="40.311"/>
  <system-out/>
  <testcase classname="com.qa.crossbrowsers.CrossBrowsers" name="verifyTitel1" time="10.767"/>
  <system-out/>
</testsuite> <!-- com.qa.crossbrowsers.CrossBrowsers -->
